e:\编程文件\c语言\初始c语言-数据类型\debug\vc142.pdb
e:\编程文件\c语言\初始c语言-数据类型\debug\vc142.idb
e:\编程文件\c语言\初始c语言-数据类型\debug\变量作用域和生命周期.obj
e:\编程文件\c语言\初始c语言-数据类型\debug\example01.obj
e:\编程文件\c语言\初始c语言-数据类型\debug\常量.obj
e:\编程文件\c语言\初始c语言-数据类型\debug\字符串.obj
e:\编程文件\c语言\初始c语言-数据类型\debug\初始c语言-数据类型.exe
e:\编程文件\c语言\初始c语言-数据类型\debug\初始c语言-数据类型.ilk
e:\编程文件\c语言\初始c语言-数据类型\debug\初始c语言-数据类型.pdb
d:\编程文件\c语言\新c语言\n0thing289-clearning.github.io\code\01初始c语言-数据类型\debug\example01.obj
d:\编程文件\c语言\新c语言\n0thing289-clearning.github.io\code\01初始c语言-数据类型\debug\变量作用域和生命周期.obj
d:\编程文件\c语言\新c语言\n0thing289-clearning.github.io\code\01初始c语言-数据类型\debug\字符串.obj
d:\编程文件\c语言\新c语言\n0thing289-clearning.github.io\code\01初始c语言-数据类型\debug\常量.obj
d:\编程文件\c语言\新c语言\n0thing289-clearning.github.io\code\01初始c语言-数据类型\debug\初始c语言-数据类型.ilk
d:\编程文件\c语言\新c语言\n0thing289-clearning.github.io\code\01初始c语言-数据类型\debug\vc142.idb
d:\编程文件\c语言\新c语言\n0thing289-clearning.github.io\code\01初始c语言-数据类型\debug\vc142.pdb
d:\编程文件\c语言\新c语言\n0thing289-clearning.github.io\code\01初始c语言-数据类型\debug\初始c语言-数据类型.pdb
d:\编程文件\c语言\新c语言\n0thing289-clearning.github.io\code\01初始c语言-数据类型\debug\初始c语言-数据类型.tlog\cl.command.1.tlog
d:\编程文件\c语言\新c语言\n0thing289-clearning.github.io\code\01初始c语言-数据类型\debug\初始c语言-数据类型.tlog\cl.read.1.tlog
d:\编程文件\c语言\新c语言\n0thing289-clearning.github.io\code\01初始c语言-数据类型\debug\初始c语言-数据类型.tlog\cl.write.1.tlog
d:\编程文件\c语言\新c语言\n0thing289-clearning.github.io\code\01初始c语言-数据类型\debug\初始c语言-数据类型.tlog\link.command.1.tlog
d:\编程文件\c语言\新c语言\n0thing289-clearning.github.io\code\01初始c语言-数据类型\debug\初始c语言-数据类型.tlog\link.read.1.tlog
d:\编程文件\c语言\新c语言\n0thing289-clearning.github.io\code\01初始c语言-数据类型\debug\初始c语言-数据类型.tlog\link.write.1.tlog
